2023-11-21 12:53:46 ##  INFO: 客户端断开:
2023-11-21 12:53:48 ##  INFO: 客户端登录uid 5183d
2023-11-21 12:54:48 ##  INFO: 客户端断开:
2023-11-21 12:54:50 ##  INFO: 客户端登录uid 5183d
2023-11-21 12:55:50 ##  INFO: 客户端断开:
2023-11-21 01:53:15 ##  INFO: 客户端登录uid 5183d
2023-11-21 01:54:40 ##  INFO: 客户端断开:
2023-11-21 09:20:04 ##  INFO: 客户端登录uid 5183d
2023-11-21 09:21:37 ##  INFO: 客户端断开:
2023-11-21 09:21:38 ##  INFO: 客户端登录uid 841ed
2023-11-21 09:21:38 ##  INFO: {"uuid":"e2676","action":"tellCallClear","callId":"6"}
2023-11-21 09:21:38 ##  INFO: 发送到用户to "e2676", msgType=msgCallClear
2023-11-21 09:21:38 ##  INFO: {"uuid":"5183d","action":"tellCallClear","callId":"6"}
2023-11-21 09:21:38 ##  INFO: 发送到用户to "5183d", msgType=msgCallClear
2023-11-21 09:21:38 ##  INFO: {"uuid":"5183d","action":"disconnect"}
2023-11-21 09:21:38 ##  INFO: 发送到用户to "5183d", msgType=disconnect
2023-11-21 09:22:10 ##  INFO: 客户端断开:
2023-11-21 09:22:10 ##  INFO: 客户端登录uid ee8ed
2023-11-21 09:22:10 ##  INFO: {"uuid":"841ed","action":"disconnect"}
2023-11-21 09:22:10 ##  INFO: 发送到用户to "841ed", msgType=disconnect
2023-11-21 09:24:08 ##  INFO: 客户端断开:
2023-11-21 09:24:09 ##  INFO: 客户端登录uid f1d5
2023-11-21 09:24:09 ##  INFO: {"uuid":"ee8ed","action":"disconnect"}
2023-11-21 09:24:09 ##  INFO: 发送到用户to "ee8ed", msgType=disconnect
2023-11-21 09:24:15 ##  INFO: {"uuid":"e2676","action":"tellRing","callId":"7"}
2023-11-21 09:24:15 ##  INFO: 发送到用户to "e2676", msgType=msgCallRing
2023-11-21 09:24:16 ##  INFO: {"uuid":"f1d5","action":"tellCandidates","callId":"7","candidates":"candidates-7-33.json"}
2023-11-21 09:24:16 ##  INFO: 发送到用户to "f1d5", msgType=msgAddCandidates
2023-11-21 09:24:38 ##  INFO: 客户端登录uid d9892
2023-11-21 09:24:38 ##  INFO: {"uuid":"f1d5","action":"tellCallClear","callId":"7"}
2023-11-21 09:24:38 ##  INFO: 发送到用户to "f1d5", msgType=msgCallClear
2023-11-21 09:24:38 ##  INFO: {"uuid":"e2676","action":"tellCallClear","callId":"7"}
2023-11-21 09:24:38 ##  INFO: 发送到用户to "e2676", msgType=msgCallClear
2023-11-21 09:24:38 ##  INFO: {"uuid":"e2676","action":"disconnect"}
2023-11-21 09:24:38 ##  INFO: 发送到用户to "e2676", msgType=disconnect
2023-11-21 09:24:48 ##  INFO: {"uuid":"d9892","action":"tellRing","callId":"8"}
2023-11-21 09:24:48 ##  INFO: 发送到用户to "d9892", msgType=msgCallRing
2023-11-21 09:25:03 ##  INFO: {"uuid":"d9892","action":"tellCallClear","callId":"8"}
2023-11-21 09:25:03 ##  INFO: 发送到用户to "d9892", msgType=msgCallClear
2023-11-21 09:25:05 ##  INFO: {"uuid":"d9892","action":"tellRing","callId":"9"}
2023-11-21 09:25:05 ##  INFO: 发送到用户to "d9892", msgType=msgCallRing
2023-11-21 09:25:15 ##  INFO: {"uuid":"f1d5","action":"tellAnswer","callId":"9"}
2023-11-21 09:25:15 ##  INFO: 发送到用户to "f1d5", msgType=msgCallAnswer
2023-11-21 09:25:16 ##  INFO: {"uuid":"f1d5","action":"tellCandidates","callId":"9","candidates":"candidates-9-33.json"}
2023-11-21 09:25:16 ##  INFO: 发送到用户to "f1d5", msgType=msgAddCandidates
2023-11-21 09:26:02 ##  INFO: {"uuid":"f1d5","action":"tellCallClear","callId":"9"}
2023-11-21 09:26:02 ##  INFO: 发送到用户to "f1d5", msgType=msgCallClear
2023-11-21 09:32:43 ##  INFO: 客户端断开:
2023-11-21 09:32:43 ##  INFO: 客户端登录uid 7c36
2023-11-21 09:33:37 ##  INFO: 客户端断开:
2023-11-21 09:33:37 ##  INFO: 客户端登录uid 4b545
2023-11-21 09:34:18 ##  INFO: 客户端断开:
2023-11-21 09:34:18 ##  INFO: 客户端登录uid 84852
2023-11-21 09:34:18 ##  INFO: {"uuid":"f1d5","action":"tellCallClear","callId":"8"}
2023-11-21 09:34:18 ##  INFO: 发送到用户to "f1d5", msgType=msgCallClear
2023-11-21 09:34:18 ##  INFO: {"uuid":"d9892","action":"tellCallClear","callId":"8"}
2023-11-21 09:34:18 ##  INFO: 发送到用户to "d9892", msgType=msgCallClear
2023-11-21 09:34:18 ##  INFO: {"uuid":"f1d5","action":"tellCallClear","callId":"9"}
2023-11-21 09:34:18 ##  INFO: 发送到用户to "f1d5", msgType=msgCallClear
2023-11-21 09:34:18 ##  INFO: {"uuid":"d9892","action":"tellCallClear","callId":"9"}
2023-11-21 09:34:18 ##  INFO: 发送到用户to "d9892", msgType=msgCallClear
2023-11-21 09:34:18 ##  INFO: {"uuid":"d9892","action":"disconnect"}
2023-11-21 09:34:18 ##  INFO: 发送到用户to "d9892", msgType=disconnect
2023-11-21 09:34:22 ##  INFO: {"uuid":"f1d5","action":"tellRing","callId":"10"}
2023-11-21 09:34:22 ##  INFO: 发送到用户to "f1d5", msgType=msgCallRing
2023-11-21 09:34:23 ##  INFO: {"uuid":"84852","action":"tellCandidates","callId":"10","candidates":"candidates-10-33.json"}
2023-11-21 09:34:23 ##  INFO: 发送到用户to "84852", msgType=msgAddCandidates
2023-11-21 09:34:27 ##  INFO: 客户端断开:
2023-11-21 09:34:28 ##  INFO: 客户端登录uid 4560a
2023-11-21 09:34:28 ##  INFO: {"uuid":"84852","action":"tellCallClear","callId":"10"}
2023-11-21 09:34:28 ##  INFO: 发送到用户to "84852", msgType=msgCallClear
2023-11-21 09:34:28 ##  INFO: {"uuid":"f1d5","action":"tellCallClear","callId":"10"}
2023-11-21 09:34:28 ##  INFO: 发送到用户to "f1d5", msgType=msgCallClear
2023-11-21 09:34:28 ##  INFO: {"uuid":"f1d5","action":"disconnect"}
2023-11-21 09:34:28 ##  INFO: 发送到用户to "f1d5", msgType=disconnect
2023-11-21 09:39:20 ##  INFO: 客户端断开:
2023-11-21 09:39:20 ##  INFO: 客户端断开:
2023-11-21 09:39:33 ##  INFO: 客户端登录uid c01a9
2023-11-21 09:39:33 ##  INFO: {"uuid":"84852","action":"disconnect"}
2023-11-21 09:39:33 ##  INFO: 发送到用户to "84852", msgType=disconnect
2023-11-21 09:39:35 ##  INFO: 客户端登录uid 4560a
2023-11-21 09:40:13 ##  INFO: 客户端断开:
2023-11-21 09:40:13 ##  INFO: 客户端登录uid 584c3
2023-11-21 09:40:13 ##  INFO: {"uuid":"4560a","action":"disconnect"}
2023-11-21 09:40:13 ##  INFO: 发送到用户to "4560a", msgType=disconnect
2023-11-21 09:42:19 ##  INFO: 客户端断开:
2023-11-21 09:42:19 ##  INFO: 客户端登录uid 6737e
2023-11-21 09:42:19 ##  INFO: {"uuid":"584c3","action":"disconnect"}
2023-11-21 09:42:19 ##  INFO: 发送到用户to "584c3", msgType=disconnect
2023-11-21 09:42:35 ##  INFO: 客户端断开:
2023-11-21 09:42:36 ##  INFO: 客户端断开:
2023-11-21 09:42:49 ##  INFO: 客户端登录uid c01a9
2023-11-21 09:42:51 ##  INFO: 客户端登录uid 6cd35
2023-11-21 09:42:51 ##  INFO: {"uuid":"6737e","action":"disconnect"}
2023-11-21 09:42:51 ##  INFO: 发送到用户to "6737e", msgType=disconnect
2023-11-21 09:43:11 ##  INFO: 客户端断开:
2023-11-21 09:43:11 ##  INFO: 客户端登录uid 333a1
2023-11-21 09:43:11 ##  INFO: {"uuid":"6cd35","action":"disconnect"}
2023-11-21 09:43:11 ##  INFO: 发送到用户to "6cd35", msgType=disconnect
2023-11-21 09:44:49 ##  INFO: 客户端断开:
2023-11-21 09:44:49 ##  INFO: 客户端断开:
2023-11-21 09:45:03 ##  INFO: 客户端登录uid bb7f7
2023-11-21 09:45:03 ##  INFO: {"uuid":"333a1","action":"disconnect"}
2023-11-21 09:45:03 ##  INFO: 发送到用户to "333a1", msgType=disconnect
2023-11-21 09:45:05 ##  INFO: 客户端登录uid c01a9
2023-11-21 09:45:22 ##  INFO: 客户端断开:
2023-11-21 09:45:22 ##  INFO: Notify deviceConnections update OK.
2023-11-21 09:45:23 ##  INFO: 客户端登录uid 39fba
2023-11-21 09:45:23 ##  INFO: {"uuid":"bb7f7","action":"disconnect"}
2023-11-21 09:45:23 ##  INFO: 发送到用户to "bb7f7", msgType=disconnect
2023-11-21 09:48:56 ##  INFO: 客户端断开:
2023-11-21 09:48:57 ##  INFO: Notify deviceConnections update FAILED.
2023-11-21 09:48:57 ##  INFO: {"action":"getDevicesStatus"}
2023-11-21 09:48:57 ##  INFO: 客户端登录uid 9c35f
2023-11-21 09:48:57 ##  INFO: {"uuid":"39fba","action":"disconnect"}
2023-11-21 09:48:57 ##  INFO: 发送到用户to "39fba", msgType=disconnect
2023-11-21 09:52:36 ##  INFO: 客户端断开:
2023-11-21 09:52:37 ##  INFO: Notify deviceConnections update FAILED.
2023-11-21 09:52:37 ##  INFO: {"action":"getDevicesStatus"}
2023-11-21 09:52:37 ##  INFO: 客户端登录uid cad2a
2023-11-21 09:52:37 ##  INFO: {"uuid":"","action":"tellDevListUpdate"}
2023-11-21 09:52:37 ##  INFO: 发送到用户to "", msgType=msgDeviceListUpdate
2023-11-21 09:52:37 ##  INFO: {"uuid":"9c35f","action":"disconnect"}
2023-11-21 09:52:37 ##  INFO: 发送到用户to "9c35f", msgType=disconnect
2023-11-21 09:53:02 ##  INFO: 客户端断开:
2023-11-21 09:53:04 ##  INFO: Notify deviceConnections update FAILED.
2023-11-21 09:53:04 ##  INFO: {"action":"getDevicesStatus"}
2023-11-21 09:53:04 ##  INFO: 客户端登录uid 75055
2023-11-21 09:53:04 ##  INFO: {"uuid":"c01a9","action":"disconnect"}
2023-11-21 09:53:04 ##  INFO: 发送到用户to "c01a9", msgType=disconnect
2023-11-21 09:53:04 ##  INFO: {"uuid":"","action":"tellDevListUpdate"}
2023-11-21 09:53:04 ##  INFO: 发送到用户to "", msgType=msgDeviceListUpdate
2023-11-21 09:53:34 ##  INFO: 客户端断开:
2023-11-21 09:53:35 ##  INFO: Notify deviceConnections update FAILED.
2023-11-21 09:53:35 ##  INFO: {"action":"getDevicesStatus"}
2023-11-21 09:53:35 ##  INFO: 客户端登录uid 74f7a
2023-11-21 09:53:35 ##  INFO: {"uuid":"","action":"tellDevListUpdate"}
2023-11-21 09:53:35 ##  INFO: 发送到用户to "", msgType=msgDeviceListUpdate
2023-11-21 09:53:35 ##  INFO: {"uuid":"75055","action":"disconnect"}
2023-11-21 09:53:35 ##  INFO: 发送到用户to "75055", msgType=disconnect
2023-11-21 09:53:49 ##  INFO: 客户端断开:
2023-11-21 09:53:50 ##  INFO: Notify deviceConnections update FAILED.
2023-11-21 09:53:50 ##  INFO: {"action":"getDevicesStatus"}
2023-11-21 09:53:50 ##  INFO: {"uuid":"","action":"tellDevListUpdate"}
2023-11-21 09:53:50 ##  INFO: 发送到用户to "", msgType=msgDeviceListUpdate
2023-11-21 09:53:50 ##  INFO: 客户端登录uid 9e853
2023-11-21 09:53:50 ##  INFO: {"uuid":"cad2a","action":"disconnect"}
2023-11-21 09:53:50 ##  INFO: 发送到用户to "cad2a", msgType=disconnect
2023-11-21 10:02:52 ##  INFO: 客户端断开:
2023-11-21 10:02:53 ##  INFO: Notify deviceConnections update FAILED.
2023-11-21 10:02:53 ##  INFO: {"action":"getDevicesStatus"}
2023-11-21 10:02:54 ##  INFO: 客户端登录uid dbe4c
2023-11-21 10:02:54 ##  INFO: {"uuid":"74f7a","action":"disconnect"}
2023-11-21 10:02:54 ##  INFO: 发送到用户to "74f7a", msgType=disconnect
2023-11-21 10:02:56 ##  INFO: 客户端断开:
2023-11-21 10:02:57 ##  INFO: Notify deviceConnections update FAILED.
2023-11-21 10:02:57 ##  INFO: {"action":"getDevicesStatus"}
2023-11-21 10:02:57 ##  INFO: 客户端登录uid 6f699
2023-11-21 10:02:57 ##  INFO: {"uuid":"9e853","action":"disconnect"}
2023-11-21 10:02:57 ##  INFO: 发送到用户to "9e853", msgType=disconnect
2023-11-21 10:06:20 ##  INFO: 客户端断开:
2023-11-21 10:06:21 ##  INFO: Notify deviceConnections update FAILED.
2023-11-21 10:06:21 ##  INFO: {"action":"getDevicesStatus"}
2023-11-21 10:06:21 ##  INFO: 客户端登录uid a5bc0
2023-11-21 10:06:21 ##  INFO: {"uuid":"dbe4c","action":"disconnect"}
2023-11-21 10:06:21 ##  INFO: 发送到用户to "dbe4c", msgType=disconnect
2023-11-21 10:06:23 ##  INFO: 客户端断开:
2023-11-21 10:06:24 ##  INFO: Notify deviceConnections update FAILED.
2023-11-21 10:06:24 ##  INFO: {"action":"getDevicesStatus"}
2023-11-21 10:06:24 ##  INFO: 客户端登录uid 83bba
2023-11-21 10:06:24 ##  INFO: {"uuid":"6f699","action":"disconnect"}
2023-11-21 10:06:24 ##  INFO: 发送到用户to "6f699", msgType=disconnect
2023-11-21 10:07:28 ##  INFO: 客户端断开:
2023-11-21 10:07:29 ##  INFO: Notify deviceConnections update FAILED.
2023-11-21 10:07:29 ##  INFO: {"action":"getDevicesStatus"}
2023-11-21 10:07:29 ##  INFO: 客户端登录uid 5ac8c
2023-11-21 10:07:29 ##  INFO: {"uuid":"","action":"tellDevListUpdate"}
2023-11-21 10:07:29 ##  INFO: 发送到用户to "", msgType=msgDeviceListUpdate
2023-11-21 10:07:29 ##  INFO: {"uuid":"83bba","action":"disconnect"}
2023-11-21 10:07:29 ##  INFO: 发送到用户to "83bba", msgType=disconnect
2023-11-21 10:07:34 ##  INFO: 客户端断开:
2023-11-21 10:07:35 ##  INFO: Notify deviceConnections update FAILED.
2023-11-21 10:07:35 ##  INFO: {"action":"getDevicesStatus"}
2023-11-21 10:07:36 ##  INFO: 客户端登录uid 76915
2023-11-21 10:07:36 ##  INFO: {"uuid":"","action":"tellDevListUpdate"}
2023-11-21 10:07:36 ##  INFO: 发送到用户to "", msgType=msgDeviceListUpdate
2023-11-21 10:07:36 ##  INFO: {"uuid":"a5bc0","action":"disconnect"}
2023-11-21 10:07:36 ##  INFO: 发送到用户to "a5bc0", msgType=disconnect
2023-11-21 10:08:48 ##  INFO: 客户端断开:
2023-11-21 10:08:49 ##  INFO: Notify deviceConnections update FAILED.
2023-11-21 10:08:49 ##  INFO: {"action":"getDevicesStatus"}
2023-11-21 10:08:49 ##  INFO: 客户端登录uid 97de6
2023-11-21 10:08:49 ##  INFO: {"uuid":"76915","action":"disconnect"}
2023-11-21 10:08:49 ##  INFO: 发送到用户to "76915", msgType=disconnect
2023-11-21 10:08:49 ##  INFO: {"uuid":"","action":"tellDevListUpdate"}
2023-11-21 10:08:49 ##  INFO: 发送到用户to "", msgType=msgDeviceListUpdate
2023-11-21 10:08:49 ##  INFO: {"uuid":"","action":"tellDevListUpdate"}
2023-11-21 10:08:49 ##  INFO: 发送到用户to "", msgType=msgDeviceListUpdate
2023-11-21 10:33:23 ##  INFO: 客户端断开:
2023-11-21 10:33:24 ##  INFO: Notify deviceConnections update FAILED.
2023-11-21 10:33:24 ##  INFO: 客户端断开:
2023-11-21 10:33:25 ##  INFO: Notify deviceConnections update FAILED.
2023-11-21 10:33:25 ##  INFO: {"action":"getDevicesStatus"}
2023-11-21 10:33:25 ##  INFO: {"action":"getDevicesStatus"}
