2023-11-19 01:49:53 ##  INFO: 客户端登录uid 
2023-11-19 01:51:30 ##  INFO: 客户端断开:
2023-11-19 01:51:30 ##  INFO: 客户端登录uid 
2023-11-19 01:59:55 ##  INFO: 客户端断开:
2023-11-19 01:59:55 ##  INFO: 客户端登录uid 
2023-11-19 02:01:48 ##  INFO: 客户端断开:
2023-11-19 02:01:48 ##  INFO: 客户端登录uid 
2023-11-19 02:02:27 ##  INFO: 客户端断开:
2023-11-19 02:02:28 ##  INFO: 客户端登录uid 
2023-11-19 02:03:21 ##  INFO: 客户端断开:
2023-11-19 02:03:21 ##  INFO: 客户端登录uid 
2023-11-19 02:09:08 ##  INFO: 客户端断开:
2023-11-19 02:09:08 ##  INFO: 客户端登录uid 
2023-11-19 03:56:43 ##  INFO: 客户端断开:
2023-11-19 03:56:43 ##  INFO: 客户端登录uid 
2023-11-19 04:06:50 ##  INFO: 客户端断开:
2023-11-19 04:06:50 ##  INFO: 客户端登录uid 
2023-11-19 04:08:07 ##  INFO: 客户端断开:
2023-11-19 04:08:07 ##  INFO: 客户端登录uid 
2023-11-19 04:08:28 ##  INFO: 客户端断开:
2023-11-19 04:08:28 ##  INFO: 客户端登录uid 
2023-11-19 04:08:36 ##  INFO: 客户端断开:
2023-11-19 04:08:36 ##  INFO: 客户端登录uid 
2023-11-19 04:21:10 ##  INFO: 客户端断开:
2023-11-19 04:21:10 ##  INFO: 客户端登录uid 
2023-11-19 04:21:14 ##  INFO: 客户端断开:
2023-11-19 04:21:14 ##  INFO: 客户端登录uid 
2023-11-19 04:22:31 ##  INFO: 客户端断开:
2023-11-19 04:22:31 ##  INFO: 客户端登录uid 
2023-11-19 04:23:24 ##  INFO: 客户端断开:
2023-11-19 04:23:24 ##  INFO: 客户端登录uid b2280
2023-11-19 04:24:10 ##  INFO: 客户端断开:
2023-11-19 04:24:10 ##  INFO: 客户端登录uid 8dd30
2023-11-19 04:25:34 ##  INFO: 客户端断开:
2023-11-19 04:25:34 ##  INFO: 客户端登录uid 7a0ca
2023-11-19 04:25:57 ##  INFO: 客户端断开:
2023-11-19 04:25:57 ##  INFO: 客户端登录uid 2aa7d
2023-11-19 04:26:34 ##  INFO: 客户端断开:
2023-11-19 04:26:34 ##  INFO: 客户端登录uid 97c1
2023-11-19 04:27:12 ##  INFO: 客户端断开:
2023-11-19 04:27:13 ##  INFO: 客户端登录uid a6596
2023-11-19 04:27:29 ##  INFO: 客户端断开:
2023-11-19 04:27:29 ##  INFO: 客户端登录uid d0b6f
2023-11-19 04:29:01 ##  INFO: 客户端断开:
2023-11-19 04:29:02 ##  INFO: 客户端登录uid 9efad
2023-11-19 04:32:10 ##  INFO: 客户端断开:
2023-11-19 04:32:10 ##  INFO: 客户端登录uid 72450
2023-11-19 04:32:10 ##  INFO: {"uuid":"7a0ca","action":"disconnect"}
2023-11-19 04:32:10 ##  INFO: 发送到用户to "7a0ca", msgType=disconnect
2023-11-19 04:36:05 ##  INFO: 客户端断开:
2023-11-19 04:36:05 ##  INFO: 客户端登录uid cd742
2023-11-19 04:41:20 ##  INFO: 客户端断开:
2023-11-19 04:41:20 ##  INFO: 客户端登录uid c8d25
2023-11-19 04:51:29 ##  INFO: 客户端断开:
2023-11-19 04:51:29 ##  INFO: 客户端登录uid 84689
2023-11-19 04:59:19 ##  INFO: 客户端断开:
2023-11-19 06:11:20 ##  INFO: 客户端登录uid 84689
2023-11-19 06:11:23 ##  INFO: 客户端断开:
2023-11-19 06:37:30 ##  INFO: 客户端登录uid 84689
2023-11-19 07:05:22 ##  INFO: 客户端断开:
2023-11-19 07:05:23 ##  INFO: 客户端登录uid 3f26a
2023-11-19 07:05:28 ##  INFO: 客户端断开:
2023-11-19 07:05:28 ##  INFO: 客户端登录uid 1b10
2023-11-19 07:11:13 ##  INFO: 客户端断开:
2023-11-19 07:11:13 ##  INFO: 客户端登录uid 5744b
2023-11-19 07:11:13 ##  INFO: {"action":"getDevicesStatus"}
2023-11-19 07:12:05 ##  INFO: 客户端断开:
2023-11-19 07:12:05 ##  INFO: 客户端登录uid 4c420
2023-11-19 07:12:05 ##  INFO: {"action":"getDevicesStatus"}
2023-11-19 07:28:08 ##  INFO: 客户端断开:
2023-11-19 07:28:08 ##  INFO: 客户端登录uid 6bc62
2023-11-19 07:28:08 ##  INFO: {"action":"getDevicesStatus"}
2023-11-19 07:29:42 ##  INFO: 客户端断开:
2023-11-19 07:29:42 ##  INFO: 客户端登录uid 120d4
2023-11-19 07:29:42 ##  INFO: {"action":"getDevicesStatus"}
2023-11-19 07:30:30 ##  INFO: 客户端断开:
2023-11-19 07:30:30 ##  INFO: 客户端登录uid 573ff
2023-11-19 07:30:30 ##  INFO: {"action":"getDevicesStatus"}
2023-11-19 07:32:06 ##  INFO: 客户端断开:
2023-11-19 07:32:06 ##  INFO: 客户端登录uid 17f9a
2023-11-19 07:32:06 ##  INFO: {"action":"getDevicesStatus"}
2023-11-19 07:32:45 ##  INFO: {"action":"getDevicesStatus"}
2023-11-19 07:32:55 ##  INFO: {"action":"getDevicesStatus"}
2023-11-19 07:36:15 ##  INFO: {"action":"getDevicesStatus"}
2023-11-19 07:37:31 ##  INFO: {"action":"getDevicesStatus"}
2023-11-19 07:37:52 ##  INFO: {"action":"getDevicesStatus"}
2023-11-19 07:45:46 ##  INFO: {"action":"getDevicesStatus"}
2023-11-19 07:46:57 ##  INFO: {"action":"getDevicesStatus"}
2023-11-19 07:47:10 ##  INFO: {"action":"getDevicesStatus"}
2023-11-19 07:47:14 ##  INFO: 客户端断开:
2023-11-19 07:47:14 ##  INFO: 客户端登录uid 90be3
2023-11-19 07:47:14 ##  INFO: {"action":"getDevicesStatus"}
2023-11-19 07:47:14 ##  INFO: {"uuid":"","action":"tellDevListUpdate"}
2023-11-19 07:47:14 ##  INFO: 发送到用户to "", msgType=msgDeviceListUpdate
2023-11-19 07:47:56 ##  INFO: 客户端断开:
2023-11-19 07:47:56 ##  INFO: 客户端登录uid 2e877
2023-11-19 07:47:56 ##  INFO: {"action":"getDevicesStatus"}
2023-11-19 07:47:56 ##  INFO: {"uuid":"","action":"tellDevListUpdate"}
2023-11-19 07:47:56 ##  INFO: 发送到用户to "", msgType=msgDeviceListUpdate
2023-11-19 07:51:08 ##  INFO: 客户端断开:
2023-11-19 07:55:09 ##  INFO: 客户端登录uid 5b218
2023-11-19 07:55:09 ##  INFO: {"action":"getDevicesStatus"}
2023-11-19 07:55:09 ##  INFO: {"uuid":"","action":"tellDevListUpdate"}
2023-11-19 07:55:09 ##  INFO: 发送到用户to "", msgType=msgDeviceListUpdate
2023-11-19 08:35:25 ##  INFO: 客户端断开:
2023-11-19 05:47:22 ##  INFO: 客户端登录uid 219f9
2023-11-19 05:47:22 ##  INFO: {"action":"getDevicesStatus"}
2023-11-19 05:47:22 ##  INFO: {"uuid":"","action":"tellDevListUpdate"}
2023-11-19 05:47:22 ##  INFO: 发送到用户to "", msgType=msgDeviceListUpdate
2023-11-19 05:48:00 ##  INFO: 客户端断开:
2023-11-19 05:48:01 ##  INFO: 客户端登录uid ccf07
2023-11-19 05:48:01 ##  INFO: {"action":"getDevicesStatus"}
2023-11-19 05:48:01 ##  INFO: {"uuid":"","action":"tellDevListUpdate"}
2023-11-19 05:48:01 ##  INFO: 发送到用户to "", msgType=msgDeviceListUpdate
2023-11-19 05:58:36 ##  INFO: 客户端断开:
2023-11-19 05:58:36 ##  INFO: 客户端登录uid 80ba
2023-11-19 05:58:36 ##  INFO: {"action":"getDevicesStatus"}
2023-11-19 05:58:36 ##  INFO: {"uuid":"","action":"tellDevListUpdate"}
2023-11-19 05:58:36 ##  INFO: 发送到用户to "", msgType=msgDeviceListUpdate
2023-11-19 06:15:11 ##  INFO: 客户端断开:
2023-11-19 06:15:17 ##  INFO: 客户端登录uid 36888
2023-11-19 06:15:17 ##  INFO: {"action":"getDevicesStatus"}
2023-11-19 06:15:17 ##  INFO: {"uuid":"","action":"tellDevListUpdate"}
2023-11-19 06:15:17 ##  INFO: 发送到用户to "", msgType=msgDeviceListUpdate
2023-11-19 06:17:20 ##  INFO: 客户端断开:
2023-11-19 06:17:21 ##  INFO: 客户端登录uid ef2c7
2023-11-19 06:17:21 ##  INFO: {"action":"getDevicesStatus"}
2023-11-19 06:17:21 ##  INFO: {"uuid":"","action":"tellDevListUpdate"}
2023-11-19 06:17:21 ##  INFO: 发送到用户to "", msgType=msgDeviceListUpdate
2023-11-19 06:18:39 ##  INFO: 客户端断开:
2023-11-19 06:18:40 ##  INFO: 客户端登录uid 8962e
2023-11-19 06:18:40 ##  INFO: {"action":"getDevicesStatus"}
2023-11-19 06:18:40 ##  INFO: {"uuid":"","action":"tellDevListUpdate"}
2023-11-19 06:18:40 ##  INFO: 发送到用户to "", msgType=msgDeviceListUpdate
2023-11-19 06:19:24 ##  INFO: 客户端断开:
2023-11-19 06:19:24 ##  INFO: 客户端登录uid 2dbb3
2023-11-19 06:19:24 ##  INFO: {"action":"getDevicesStatus"}
2023-11-19 06:19:24 ##  INFO: {"uuid":"","action":"tellDevListUpdate"}
2023-11-19 06:19:24 ##  INFO: 发送到用户to "", msgType=msgDeviceListUpdate
2023-11-19 06:19:27 ##  INFO: 客户端断开:
2023-11-19 06:19:27 ##  INFO: 客户端登录uid 7fd07
2023-11-19 06:19:27 ##  INFO: {"action":"getDevicesStatus"}
2023-11-19 06:19:27 ##  INFO: {"uuid":"","action":"tellDevListUpdate"}
2023-11-19 06:19:27 ##  INFO: 发送到用户to "", msgType=msgDeviceListUpdate
2023-11-19 06:41:15 ##  INFO: 客户端断开:
2023-11-19 06:41:15 ##  INFO: 客户端登录uid ded67
2023-11-19 06:41:15 ##  INFO: {"action":"getDevicesStatus"}
2023-11-19 06:41:15 ##  INFO: {"uuid":"","action":"tellDevListUpdate"}
2023-11-19 06:41:15 ##  INFO: 发送到用户to "", msgType=msgDeviceListUpdate
2023-11-19 06:42:52 ##  INFO: 客户端断开:
2023-11-19 06:42:53 ##  INFO: 客户端登录uid 38405
2023-11-19 06:42:53 ##  INFO: {"action":"getDevicesStatus"}
2023-11-19 06:42:53 ##  INFO: {"uuid":"","action":"tellDevListUpdate"}
2023-11-19 06:42:53 ##  INFO: 发送到用户to "", msgType=msgDeviceListUpdate
2023-11-19 06:43:22 ##  INFO: 客户端断开:
2023-11-19 06:43:22 ##  INFO: 客户端登录uid ce397
2023-11-19 06:43:22 ##  INFO: {"action":"getDevicesStatus"}
2023-11-19 06:43:22 ##  INFO: {"uuid":"","action":"tellDevListUpdate"}
2023-11-19 06:43:22 ##  INFO: 发送到用户to "", msgType=msgDeviceListUpdate
2023-11-19 06:44:02 ##  INFO: 客户端断开:
2023-11-19 06:44:02 ##  INFO: 客户端登录uid afb2a
2023-11-19 06:44:02 ##  INFO: {"action":"getDevicesStatus"}
2023-11-19 06:44:03 ##  INFO: {"uuid":"","action":"tellDevListUpdate"}
2023-11-19 06:44:03 ##  INFO: 发送到用户to "", msgType=msgDeviceListUpdate
2023-11-19 06:46:45 ##  INFO: 客户端断开:
2023-11-19 06:46:45 ##  INFO: 客户端登录uid 41025
2023-11-19 06:46:45 ##  INFO: {"action":"getDevicesStatus"}
2023-11-19 06:46:45 ##  INFO: {"uuid":"","action":"tellDevListUpdate"}
2023-11-19 06:46:45 ##  INFO: 发送到用户to "", msgType=msgDeviceListUpdate
2023-11-19 06:46:51 ##  INFO: 客户端断开:
2023-11-19 06:46:51 ##  INFO: 客户端登录uid b7f11
2023-11-19 06:46:51 ##  INFO: {"action":"getDevicesStatus"}
2023-11-19 06:46:51 ##  INFO: {"uuid":"","action":"tellDevListUpdate"}
2023-11-19 06:46:51 ##  INFO: 发送到用户to "", msgType=msgDeviceListUpdate
2023-11-19 06:51:20 ##  INFO: 客户端断开:
2023-11-19 06:51:20 ##  INFO: 客户端登录uid e1126
2023-11-19 06:51:20 ##  INFO: {"action":"getDevicesStatus"}
2023-11-19 06:51:20 ##  INFO: {"uuid":"","action":"tellDevListUpdate"}
2023-11-19 06:51:20 ##  INFO: 发送到用户to "", msgType=msgDeviceListUpdate
2023-11-19 06:52:22 ##  INFO: 客户端断开:
2023-11-19 06:52:22 ##  INFO: 客户端登录uid 2677e
2023-11-19 06:52:22 ##  INFO: {"action":"getDevicesStatus"}
2023-11-19 06:52:22 ##  INFO: {"uuid":"","action":"tellDevListUpdate"}
2023-11-19 06:52:22 ##  INFO: 发送到用户to "", msgType=msgDeviceListUpdate
2023-11-19 06:52:43 ##  INFO: 客户端断开:
2023-11-19 06:52:43 ##  INFO: 客户端登录uid a64d0
2023-11-19 06:52:43 ##  INFO: {"action":"getDevicesStatus"}
2023-11-19 06:52:43 ##  INFO: {"uuid":"","action":"tellDevListUpdate"}
2023-11-19 06:52:43 ##  INFO: 发送到用户to "", msgType=msgDeviceListUpdate
2023-11-19 06:53:09 ##  INFO: 客户端断开:
2023-11-19 06:53:09 ##  INFO: 客户端登录uid cfaa9
2023-11-19 06:53:09 ##  INFO: {"action":"getDevicesStatus"}
2023-11-19 06:53:09 ##  INFO: {"uuid":"","action":"tellDevListUpdate"}
2023-11-19 06:53:09 ##  INFO: 发送到用户to "", msgType=msgDeviceListUpdate
2023-11-19 06:54:03 ##  INFO: 客户端断开:
2023-11-19 06:54:03 ##  INFO: 客户端登录uid 51389
2023-11-19 06:54:03 ##  INFO: {"action":"getDevicesStatus"}
2023-11-19 06:54:03 ##  INFO: {"uuid":"","action":"tellDevListUpdate"}
2023-11-19 06:54:03 ##  INFO: 发送到用户to "", msgType=msgDeviceListUpdate
2023-11-19 06:55:39 ##  INFO: 客户端断开:
2023-11-19 06:55:39 ##  INFO: 客户端登录uid 55a5d
2023-11-19 06:55:39 ##  INFO: {"action":"getDevicesStatus"}
2023-11-19 06:55:39 ##  INFO: {"uuid":"","action":"tellDevListUpdate"}
2023-11-19 06:55:39 ##  INFO: 发送到用户to "", msgType=msgDeviceListUpdate
2023-11-19 06:57:18 ##  INFO: 客户端断开:
2023-11-19 06:57:18 ##  INFO: 客户端登录uid 63e67
2023-11-19 06:57:18 ##  INFO: {"action":"getDevicesStatus"}
2023-11-19 06:57:18 ##  INFO: {"uuid":"","action":"tellDevListUpdate"}
2023-11-19 06:57:18 ##  INFO: 发送到用户to "", msgType=msgDeviceListUpdate
2023-11-19 06:58:05 ##  INFO: 客户端断开:
2023-11-19 06:58:05 ##  INFO: 客户端登录uid 91ce2
2023-11-19 06:58:05 ##  INFO: {"action":"getDevicesStatus"}
2023-11-19 06:58:05 ##  INFO: {"uuid":"","action":"tellDevListUpdate"}
2023-11-19 06:58:05 ##  INFO: 发送到用户to "", msgType=msgDeviceListUpdate
2023-11-19 06:58:49 ##  INFO: 客户端断开:
2023-11-19 06:58:49 ##  INFO: 客户端登录uid ea14
2023-11-19 06:58:49 ##  INFO: {"action":"getDevicesStatus"}
2023-11-19 06:58:49 ##  INFO: {"uuid":"","action":"tellDevListUpdate"}
2023-11-19 06:58:49 ##  INFO: 发送到用户to "", msgType=msgDeviceListUpdate
2023-11-19 06:59:07 ##  INFO: 客户端断开:
2023-11-19 06:59:07 ##  INFO: 客户端登录uid c87d9
2023-11-19 06:59:07 ##  INFO: {"action":"getDevicesStatus"}
2023-11-19 06:59:07 ##  INFO: {"uuid":"","action":"tellDevListUpdate"}
2023-11-19 06:59:07 ##  INFO: 发送到用户to "", msgType=msgDeviceListUpdate
2023-11-19 06:59:16 ##  INFO: 客户端断开:
2023-11-19 06:59:16 ##  INFO: 客户端登录uid effc
2023-11-19 06:59:16 ##  INFO: {"action":"getDevicesStatus"}
2023-11-19 06:59:16 ##  INFO: {"uuid":"","action":"tellDevListUpdate"}
2023-11-19 06:59:16 ##  INFO: 发送到用户to "", msgType=msgDeviceListUpdate
2023-11-19 07:00:39 ##  INFO: 客户端断开:
2023-11-19 07:00:39 ##  INFO: 客户端登录uid 9e2a0
2023-11-19 07:00:39 ##  INFO: {"action":"getDevicesStatus"}
2023-11-19 07:00:40 ##  INFO: {"uuid":"","action":"tellDevListUpdate"}
2023-11-19 07:00:40 ##  INFO: 发送到用户to "", msgType=msgDeviceListUpdate
2023-11-19 07:00:49 ##  INFO: 客户端断开:
2023-11-19 07:00:49 ##  INFO: 客户端登录uid cfb4e
2023-11-19 07:00:49 ##  INFO: {"action":"getDevicesStatus"}
2023-11-19 07:00:50 ##  INFO: {"uuid":"","action":"tellDevListUpdate"}
2023-11-19 07:00:50 ##  INFO: 发送到用户to "", msgType=msgDeviceListUpdate
2023-11-19 08:05:10 ##  INFO: 客户端断开:
2023-11-19 09:51:26 ##  INFO: 客户端登录uid cfb4e
2023-11-19 09:51:29 ##  INFO: 客户端断开:
2023-11-19 09:52:02 ##  INFO: 客户端登录uid cfb4e
2023-11-19 09:52:06 ##  INFO: 客户端断开:
2023-11-19 09:57:35 ##  INFO: 客户端登录uid cfb4e
2023-11-19 09:57:36 ##  INFO: 客户端断开:
2023-11-19 10:05:14 ##  INFO: 客户端登录uid cfb4e
2023-11-19 10:05:14 ##  INFO: 客户端断开:
2023-11-19 10:10:33 ##  INFO: 客户端登录uid cfb4e
2023-11-19 10:15:04 ##  INFO: 客户端断开:
2023-11-19 10:15:04 ##  INFO: 客户端登录uid c8d10
2023-11-19 10:15:04 ##  INFO: {"uuid":"cfb4e","action":"disconnect"}
2023-11-19 10:15:04 ##  INFO: 发送到用户to "cfb4e", msgType=disconnect
2023-11-19 10:20:39 ##  INFO: 客户端断开:
2023-11-19 10:20:39 ##  INFO: 客户端登录uid f17da
2023-11-19 10:20:39 ##  INFO: {"uuid":"cfb4e","action":"disconnect"}
2023-11-19 10:20:39 ##  INFO: 发送到用户to "cfb4e", msgType=disconnect
2023-11-19 10:25:58 ##  INFO: 客户端断开:
2023-11-19 10:25:58 ##  INFO: 客户端登录uid 18d97
2023-11-19 10:25:58 ##  INFO: {"uuid":"cfb4e","action":"disconnect"}
2023-11-19 10:25:58 ##  INFO: 发送到用户to "cfb4e", msgType=disconnect
2023-11-19 10:42:34 ##  INFO: 客户端断开:
2023-11-19 10:42:34 ##  INFO: 客户端登录uid bd10d
2023-11-19 10:42:48 ##  INFO: 客户端断开:
2023-11-19 10:42:48 ##  INFO: 客户端登录uid b034d
2023-11-19 10:43:01 ##  INFO: 客户端断开:
2023-11-19 10:43:01 ##  INFO: 客户端登录uid 146fa
2023-11-19 10:43:28 ##  INFO: 客户端断开:
2023-11-19 10:43:28 ##  INFO: 客户端登录uid 1c3e9
2023-11-19 10:44:03 ##  INFO: 客户端断开:
2023-11-19 10:44:03 ##  INFO: 客户端登录uid 31836
2023-11-19 10:44:20 ##  INFO: 客户端断开:
2023-11-19 10:44:20 ##  INFO: 客户端登录uid cdf77
2023-11-19 10:45:25 ##  INFO: 客户端断开:
2023-11-19 10:45:26 ##  INFO: 客户端登录uid da23f
2023-11-19 10:45:38 ##  INFO: 客户端断开:
2023-11-19 10:45:38 ##  INFO: 客户端登录uid 6f2d3
2023-11-19 10:45:46 ##  INFO: 客户端断开:
2023-11-19 10:45:47 ##  INFO: 客户端登录uid 3ae66
2023-11-19 10:45:54 ##  INFO: 客户端断开:
2023-11-19 10:45:54 ##  INFO: 客户端登录uid 1ea28
2023-11-19 10:47:56 ##  INFO: 客户端断开:
2023-11-19 10:47:56 ##  INFO: 客户端登录uid 14dd8
2023-11-19 10:50:01 ##  INFO: 客户端断开:
2023-11-19 10:50:01 ##  INFO: 客户端登录uid 313d
2023-11-19 10:50:56 ##  INFO: 客户端断开:
2023-11-19 10:50:56 ##  INFO: 客户端登录uid 57c82
2023-11-19 10:52:25 ##  INFO: 客户端断开:
2023-11-19 10:52:25 ##  INFO: 客户端登录uid 406cf
2023-11-19 10:52:43 ##  INFO: 客户端断开:
2023-11-19 10:52:44 ##  INFO: 客户端登录uid 7c9c9
2023-11-19 10:53:19 ##  INFO: 客户端断开:
2023-11-19 10:53:19 ##  INFO: 客户端登录uid bd811
2023-11-19 10:53:37 ##  INFO: 客户端断开:
2023-11-19 10:53:37 ##  INFO: 客户端登录uid a6465
2023-11-19 10:54:01 ##  INFO: 客户端断开:
2023-11-19 10:54:01 ##  INFO: 客户端登录uid bf0e1
2023-11-19 10:55:13 ##  INFO: 客户端断开:
2023-11-19 10:55:13 ##  INFO: 客户端登录uid 70174
2023-11-19 10:55:36 ##  INFO: 客户端断开:
2023-11-19 10:55:36 ##  INFO: 客户端登录uid 2106c
2023-11-19 10:56:02 ##  INFO: 客户端断开:
2023-11-19 10:56:02 ##  INFO: 客户端登录uid 423c1
2023-11-19 11:00:27 ##  INFO: 客户端断开:
2023-11-19 11:00:27 ##  INFO: 客户端登录uid 33bdd
2023-11-19 11:04:51 ##  INFO: 客户端断开:
2023-11-19 11:04:52 ##  INFO: 客户端登录uid 2ca8f
2023-11-19 11:15:12 ##  INFO: 客户端断开:
2023-11-19 11:15:13 ##  INFO: 客户端登录uid 583b8
2023-11-19 11:42:26 ##  INFO: 客户端断开:
2023-11-19 11:42:27 ##  INFO: 客户端登录uid e6b6e
2023-11-19 11:43:31 ##  INFO: 客户端断开:
2023-11-19 11:43:32 ##  INFO: 客户端登录uid a30ad
2023-11-19 11:43:36 ##  INFO: 客户端断开:
2023-11-19 11:43:37 ##  INFO: 客户端登录uid 415f8
2023-11-19 11:44:24 ##  INFO: 客户端断开:
2023-11-19 11:44:25 ##  INFO: 客户端登录uid 651c0
2023-11-19 11:45:25 ##  INFO: 客户端断开:
2023-11-19 11:45:25 ##  INFO: 客户端登录uid 8936
2023-11-19 11:46:09 ##  INFO: 客户端断开:
2023-11-19 11:46:09 ##  INFO: 客户端登录uid b2c58
2023-11-19 11:54:42 ##  INFO: 客户端断开:
2023-11-19 11:54:43 ##  INFO: 客户端登录uid 83ee1
2023-11-19 11:55:00 ##  INFO: 客户端断开:
2023-11-19 11:55:01 ##  INFO: 客户端登录uid 873fa
2023-11-19 11:55:11 ##  INFO: 客户端断开:
2023-11-19 11:55:11 ##  INFO: 客户端登录uid eec06
2023-11-19 11:55:59 ##  INFO: 客户端断开:
2023-11-19 11:56:00 ##  INFO: 客户端登录uid f315d
2023-11-19 11:56:43 ##  INFO: 客户端断开:
2023-11-19 11:56:43 ##  INFO: 客户端登录uid b351e
2023-11-19 11:57:54 ##  INFO: 客户端断开:
2023-11-19 11:57:55 ##  INFO: 客户端登录uid 23a5d
2023-11-19 11:58:12 ##  INFO: 客户端断开:
2023-11-19 11:58:12 ##  INFO: 客户端登录uid 31bb9
2023-11-19 11:58:55 ##  INFO: 客户端断开:
2023-11-19 11:58:55 ##  INFO: 客户端登录uid e7947
2023-11-19 11:59:34 ##  INFO: 客户端断开:
2023-11-19 11:59:34 ##  INFO: 客户端登录uid c29c8
